<?xml version="1.0" encoding="UTF-8"?>
<testsuite xmlns:xsi="http://www.w3.org/2001/XMLSchema-instance" xsi:noNamespaceSchemaLocation="https://maven.apache.org/surefire/maven-surefire-plugin/xsd/surefire-test-report-3.0.xsd" version="3.0" name="ajmind.code.APIData.ApiDataApplicationTests" time="2.587" tests="1" errors="0" skipped="0" failures="0">
  <properties>
[...]
</properties>
  <testcase name="contextLoads" classname="ajmind.code.APIData.ApiDataApplicationTests" time="0.402">
    <system-out><![CDATA[10:59:00.664 [main] INFO org.springframework.test.context.support.AnnotationConfigContextLoaderUtils -- Could not detect default configuration classes for test class [ajmind.code.APIData.ApiDataApplicationTests]: ApiDataApplicationTests does not declare any static, non-private, non-final, nested classes annotated with @Configuration.
10:59:00.712 [main] INFO org.springframework.boot.test.context.SpringBootTestContextBootstrapper -- Found @SpringBootConfiguration ajmind.code.APIData.ApiDataApplication for test class ajmind.code.APIData.ApiDataApplicationTests
10:59:00.794 [main] INFO org.springframework.boot.devtools.restart.RestartApplicationListener -- Restart disabled due to context in which it is running

  .   ____          _            __ _ _
 /\\ / ___'_ __ _ _(_)_ __  __ _ \ \ \ \
( ( )\___ | '_ | '_| | '_ \/ _` | \ \ \ \
 \\/  ___)| |_)| | | | | || (_| |  ) ) ) )
  '  |____| .__|_| |_|_| |_\__, | / / / /
 =========|_|==============|___/=/_/_/_/

 :: Spring Boot ::                (v3.3.2)

2024-08-03T10:59:00.920-04:00  INFO 27552 --- [APIData] [           main] a.code.APIData.ApiDataApplicationTests   : Starting ApiDataApplicationTests using Java 17.0.11 with PID 27552 (started by adammaas in /Users/adammaas/Desktop/GitHub_Repositories/s3_data_landing/save_file_to_s3_springboot_app)
2024-08-03T10:59:00.921-04:00  INFO 27552 --- [APIData] [           main] a.code.APIData.ApiDataApplicationTests   : No active profile set, falling back to 1 default profile: "default"
2024-08-03T10:59:02.105-04:00  INFO 27552 --- [APIData] [           main] o.s.b.a.e.web.EndpointLinksResolver      : Exposing 1 endpoint beneath base path '/actuator'
2024-08-03T10:59:02.138-04:00  INFO 27552 --- [APIData] [           main] a.code.APIData.ApiDataApplicationTests   : Started ApiDataApplicationTests in 1.351 seconds (process running for 1.788)
2024-08-03T10:59:02.465-04:00  INFO 27552 --- [APIData] [           main] ajmind.code.APIData.ApiDataApplication   : Attempting to upload to S3 bucket: football-data-s3-adam-maas-12202
2024-08-03T10:59:02.758-04:00  INFO 27552 --- [APIData] [           main] ajmind.code.APIData.ApiDataApplication   : File uploaded to S3 bucket: football-data-s3-adam-maas-12202/todo.json
]]></system-out>
  </testcase>
</testsuite>