<?xml version="1.0" encoding="UTF-8"?>
<testsuite xmlns:xsi="http://www.w3.org/2001/XMLSchema-instance" xsi:noNamespaceSchemaLocation="https://maven.apache.org/surefire/maven-surefire-plugin/xsd/surefire-test-report-3.0.xsd" version="3.0" name="ajmind.code.APIData.ApiDataApplicationTests" time="1.931" tests="1" errors="0" skipped="0" failures="0">
  <properties>
[...]
</properties>
  <testcase name="contextLoads" classname="ajmind.code.APIData.ApiDataApplicationTests" time="0.468">
    <system-out><![CDATA[11:18:19.756 [main] INFO org.springframework.test.context.support.AnnotationConfigContextLoaderUtils -- Could not detect default configuration classes for test class [ajmind.code.APIData.ApiDataApplicationTests]: ApiDataApplicationTests does not declare any static, non-private, non-final, nested classes annotated with @Configuration.
11:18:19.814 [main] INFO org.springframework.boot.test.context.SpringBootTestContextBootstrapper -- Found @SpringBootConfiguration ajmind.code.APIData.ApiDataApplication for test class ajmind.code.APIData.ApiDataApplicationTests
11:18:19.904 [main] INFO org.springframework.boot.devtools.restart.RestartApplicationListener -- Restart disabled due to context in which it is running

  .   ____          _            __ _ _
 /\\ / ___'_ __ _ _(_)_ __  __ _ \ \ \ \
( ( )\___ | '_ | '_| | '_ \/ _` | \ \ \ \
 \\/  ___)| |_)| | | | | || (_| |  ) ) ) )
  '  |____| .__|_| |_|_| |_\__, | / / / /
 =========|_|==============|___/=/_/_/_/

 :: Spring Boot ::                (v3.3.2)

2024-08-02T11:18:20.043-04:00  INFO 97967 --- [APIData] [           main] a.code.APIData.ApiDataApplicationTests   : Starting ApiDataApplicationTests using Java 17.0.11 with PID 97967 (started by adammaas in /Users/adammaas/Desktop/GitHub_Repositories/s3_data_landing/SpringBootRestAPITutorialAppCode)
2024-08-02T11:18:20.044-04:00  INFO 97967 --- [APIData] [           main] a.code.APIData.ApiDataApplicationTests   : No active profile set, falling back to 1 default profile: "default"
2024-08-02T11:18:20.987-04:00  INFO 97967 --- [APIData] [           main] o.s.b.a.e.web.EndpointLinksResolver      : Exposing 1 endpoint beneath base path '/actuator'
2024-08-02T11:18:21.033-04:00  INFO 97967 --- [APIData] [           main] a.code.APIData.ApiDataApplicationTests   : Started ApiDataApplicationTests in 1.138 seconds (process running for 1.651)
2024-08-02T11:18:21.124-04:00  INFO 97967 --- [APIData] [           main] ajmind.code.APIData.ApiDataApplication   : Quote[type=success, value=Value[id=5, quote=Spring Boot solves this problem. It gets rid of XML and wires up common components for me, so I don't have to spend hours scratching my head just to figure out how it's all pieced together.]]
]]></system-out>
  </testcase>
</testsuite>